app/proguard-rules.pro
# Add project specific ProGuard rules here.
# You can control the set of applied configuration files using the
# proguardFiles setting in build.gradle.kts.
#
# For more details, see
#   http://developer.android.com/guide/developing/tools/proguard.html

# If your project uses WebView with JS, uncomment the following
# and specify the fully qualified class name to the JavaScript interface
# class:
#-keepclassmembers class fqcn.of.javascript.interface.for.webview {
#   public *;
#}

# Uncomment this to preserve the line number information for
# debugging stack traces.
#-keepattributes SourceFile,LineNumberTable

# If you keep the line number information, uncomment this to
# hide the original source file name.
#-renamesourcefileattribute SourceFile

# --- Compose ---
-keepclassmembers class * {
    @androidx.compose.runtime.Composable <methods>;
}

# --- Coroutines ---
-keepnames class kotlinx.coroutines.internal.MainDispatcherFactory {}
-keepnames class kotlinx.coroutines.CoroutineExceptionHandler {}
-keepclassmembernames class kotlinx.** {
    volatile <fields>;
}

# --- Hilt / Dagger ---
-keep,allowobfuscation,allowshrinking interface dagger.hilt.internal.GeneratedEntryPoint
-keep,allowobfuscation,allowshrinking interface dagger.hilt.internal.GeneratedComponentManager
-keepclassmembers class * {
    @dagger.hilt.android.EntryPointAccessors *;
}

# --- Room ---
-keep class * extends androidx.room.RoomDatabase
-dontwarn androidx.room.paging.**

# --- Billing ---
-keep class com.android.billingclient.api.** { *; }

# --- Models ---
-keep class com.kazio.app.domain.model.** { *; }
-keep class com.kazio.app.data.local.room.entity.** { *; }