app/build/outputs/mapping/release/configuration.txt
# The proguard configuration file for the following section is release\processReleaseResources\aapt_rules.txt
-keep class androidx.core.app.CoreComponentFactory { <init>(); }
-keep class androidx.core.content.FileProvider { <init>(); }
-keep class androidx.core.widget.RemoteViewsCompatService { <init>(); }
-keep class androidx.glance.appwidget.GlanceRemoteViewsService { <init>(); }
-keep class androidx.glance.appwidget.MyPackageReplacedReceiver { <init>(); }
-keep class androidx.glance.appwidget.action.ActionCallbackBroadcastReceiver { <init>(); }
-keep class androidx.glance.appwidget.action.ActionTrampolineActivity { <init>(); }
-keep class androidx.glance.appwidget.action.InvisibleActionTrampolineActivity { <init>(); }
-keep class androidx.profileinstaller.ProfileInstallReceiver { <init>(); }
-keep class androidx.room.MultiInstanceInvalidationService { <init>(); }
-keep class androidx.startup.InitializationProvider { <init>(); }
-keep class androidx.work.impl.background.systemalarm.ConstraintProxy$BatteryChargingProxy { <init>(); }
-keep class androidx.work.impl.background.systemalarm.ConstraintProxy$BatteryNotLowProxy { <init>(); }
-keep class androidx.work.impl.background.systemalarm.ConstraintProxy$NetworkStateProxy { <init>(); }
-keep class androidx.work.impl.background.systemalarm.ConstraintProxy$StorageNotLowProxy { <init>(); }
-keep class androidx.work.impl.background.systemalarm.ConstraintProxyUpdateReceiver { <init>(); }
-keep class androidx.work.impl.background.systemalarm.RescheduleReceiver { <init>(); }
-keep class androidx.work.impl.background.systemalarm.SystemAlarmService { <init>(); }
-keep class androidx.work.impl.background.systemjob.SystemJobService { <init>(); }
-keep class androidx.work.impl.diagnostics.DiagnosticsReceiver { <init>(); }
-keep class androidx.work.impl.foreground.SystemForegroundService { <init>(); }
-keep class androidx.work.impl.utils.ForceStopRunnable$BroadcastReceiver { <init>(); }
-keep class com.android.billingclient.api.ProxyBillingActivity { <init>(); }
-keep class com.google.android.datatransport.runtime.backends.TransportBackendDiscovery { <init>(); }
-keep class com.google.android.datatransport.runtime.scheduling.jobscheduling.AlarmManagerSchedulerBroadcastReceiver { <init>(); }
-keep class com.google.android.datatransport.runtime.scheduling.jobscheduling.JobInfoSchedulerService { <init>(); }
-keep class com.google.android.gms.common.api.GoogleApiActivity { <init>(); }
-keep class com.kazio.app.KazioApplication { <init>(); }
-keep class com.kazio.app.MainActivity { <init>(); }
-keep class com.kazio.app.widget.KazioLargeWidgetReceiver { <init>(); }
-keep class com.kazio.app.widget.KazioSmallWidgetReceiver { <init>(); }

# End of content from release\processReleaseResources\aapt_rules.txt
# The proguard configuration file for the following section is default_proguard_files\global\proguard-android-optimize.txt-8.9.0
# This is a configuration file for ProGuard.
# http://proguard.sourceforge.net/index.html#manual/usage.html
#
# Starting with version 2.2 of the Android plugin for Gradle, this file is distributed together with
# the plugin and unpacked at build-time. The files in $ANDROID_HOME are no longer maintained and
# will be ignored by new version of the Android plugin for Gradle.

# Optimizations: If you don't want to optimize, use the proguard-android.txt configuration file
# instead of this one, which turns off the optimization flags.
-allowaccessmodification

# Preserve some attributes that may be required for reflection.
-keepattributes AnnotationDefault,
                EnclosingMethod,
                InnerClasses,
                RuntimeVisibleAnnotations,
                RuntimeVisibleParameterAnnotations,
                RuntimeVisibleTypeAnnotations,
                Signature

-keep public class com.google.vending.licensing.ILicensingService
-keep public class com.android.vending.licensing.ILicensingService
-keep public class com.google.android.vending.licensing.ILicensingService
-dontnote com.android.vending.licensing.ILicensingService
-dontnote com.google.vending.licensing.ILicensingService
-dontnote com.google.android.vending.licensing.ILicensingService

# For native methods, see https://www.guardsquare.com/manual/configuration/examples#native
-keepclasseswithmembernames,includedescriptorclasses class * {
    native <methods>;
}

# Keep setters in Views so that animations can still work.
-keepclassmembers public class * extends android.view.View {
    void set*(***);
    *** get*();
}

# We want to keep methods in Activity that could be used in the XML attribute onClick.
-keepclassmembers class * extends android.app.Activity {
    public void *(android.view.View);
}

# For enumeration classes, see https://www.guardsquare.com/manual/configuration/examples#enumerations
-keepclassmembers enum * {
    public static **[] values();
    public static ** valueOf(java.lang.String);
}

-keepclassmembers class * implements android.os.Parcelable {
    public static final ** CREATOR;
}

# Preserve annotated Javascript interface methods.
-keepclassmembers class * {
    @android.webkit.JavascriptInterface <methods>;
}

# The support libraries contains references to newer platform versions.
# Don't warn about those in case this app is linking against an older
# platform version. We know about them, and they are safe.
-dontnote android.support.**
-dontnote androidx.**
-dontwarn android.support.**
-dontwarn androidx.**

# Understand the @Keep support annotation.
-keep class android.support.annotation.Keep

-keep @android.support.annotation.Keep class * {*;}

-keepclasseswithmembers class * {
    @android.support.annotation.Keep <methods>;
}

-keepclasseswithmembers class * {
    @android.support.annotation.Keep <fields>;
}

-keepclasseswithmembers class * {
    @android.support.annotation.Keep <init>(...);
}

# These classes are duplicated between android.jar and org.apache.http.legacy.jar.
-dontnote org.apache.http.**
-dontnote android.net.http.**

# These classes are duplicated between android.jar and core-lambda-stubs.jar.
-dontnote java.lang.invoke.**

# End of content from default_proguard_files\global\proguard-android-optimize.txt-8.9.0
# The proguard configuration file for the following section is Kazio\app\proguard-rules.pro
# Add project specific ProGuard rules here.
# You can control the set of applied configuration files using the
# proguardFiles setting in build.gradle.kts.
#
# For more details, see
#   http://developer.android.com/guide/developing/tools/proguard.html

# If your project uses WebView with JS, uncomment the following
# and specify the fully qualified class name to the JavaScript interface
# class:
#-keepclassmembers class fqcn.of.javascript.interface.for.webview {
#   public *;
#}

# Uncomment this to preserve the line number information for
# debugging stack traces.
#-keepattributes SourceFile,LineNumberTable

# If you keep the line number information, uncomment this to
# hide the original source file name.
#-renamesourcefileattribute SourceFile

# --- Compose ---
-keepclassmembers class * {
    @androidx.compose.runtime.Composable <methods>;
}

# --- Coroutines ---
-keepnames class kotlinx.coroutines.internal.MainDispatcherFactory {}
-keepnames class kotlinx.coroutines.CoroutineExceptionHandler {}
-keepclassmembernames class kotlinx.** {
    volatile <fields>;
}

# --- Hilt / Dagger ---
-keep,allowobfuscation,allowshrinking interface dagger.hilt.internal.GeneratedEntryPoint
-keep,allowobfuscation,allowshrinking interface dagger.hilt.internal.GeneratedComponentManager
-keepclassmembers class * {
    @dagger.hilt.android.EntryPointAccessors *;
}

# --- Room ---
-keep class * extends androidx.room.RoomDatabase
-dontwarn androidx.room.paging.**

# --- Billing ---
-keep class com.android.billingclient.api.** { *; }

# --- Models ---
-keep class com.kazio.app.domain.model.** { *; }
-keep class com.kazio.app.data.local.room.entity.** { *; }

# End of content from Kazio\app\proguard-rules.pro
# The proguard configuration file for the following section is transformed\glance-appwidget-1.0.0\proguard.txt
#  Copyright (C) 2021 The Android Open Source Project
#
#  Licensed under the Apache License, Version 2.0 (the "License");
#  you may not use this file except in compliance with the License.
#  You may obtain a copy of the License at
#
#       http://www.apache.org/licenses/LICENSE-2.0
#
#  Unless required by applicable law or agreed to in writing, software
#  distributed under the License is distributed on an "AS IS" BASIS,
#  WITHOUT WARRANTIES OR CONDITIONS OF ANY KIND, either express or implied.
#  See the License for the specific language governing permissions and
#  limitations under the License.

# libproto uses reflection to deserialize a Proto, which Proguard can't accurately detect.
# Keep all the class members of any generated messages to ensure we can deserialize properly inside
# these classes.
-keepclassmembers class * extends androidx.glance.appwidget.protobuf.GeneratedMessageLite {
  <fields>;
}
-keep public class * extends androidx.glance.appwidget.action.ActionCallback
# End of content from transformed\glance-appwidget-1.0.0\proguard.txt
# The proguard configuration file for the following section is transformed\navigation-common-2.7.7\proguard.txt
# Copyright (C) 2019 The Android Open Source Project
#
# Licensed under the Apache License, Version 2.0 (the "License");
# you may not use this file except in compliance with the License.
# You may obtain a copy of the License at
#
#      http://www.apache.org/licenses/LICENSE-2.0
#
# Unless required by applicable law or agreed to in writing, software
# distributed under the License is distributed on an "AS IS" BASIS,
# WITHOUT WARRANTIES OR CONDITIONS OF ANY KIND, either express or implied.
# See the License for the specific language governing permissions and
# limitations under the License.

# NavArgsLazy creates NavArgs instances using reflection
-if public class ** implements androidx.navigation.NavArgs
-keepclassmembers public class <1> {
    ** fromBundle(android.os.Bundle);
}

# Retain the @Navigator.Name annotation on each subclass of Navigator.
# R8 full mode only retains annotations on items matched by a -keep rule,
# hence the extra -keep rule for the subclasses of Navigator.
#
# A -keep rule for the Navigator.Name annotation class is not required
# since the annotation is referenced from the code.
-keepattributes RuntimeVisibleAnnotations
-keep,allowobfuscation,allowshrinking class * extends androidx.navigation.Navigator

# End of content from transformed\navigation-common-2.7.7\proguard.txt
# The proguard configuration file for the following section is transformed\hilt-android-2.51.1\proguard.txt
# Keep for the reflective cast done in EntryPoints.
# See b/183070411#comment4 for more info.
-keep,allowobfuscation,allowshrinking @dagger.hilt.EntryPoint class *# Keep for the reflective cast done in EntryPoints.
# See b/183070411#comment4 for more info.
-keep,allowobfuscation,allowshrinking @dagger.hilt.android.EarlyEntryPoint class *# Keep for the reflective cast done in EntryPoints.
# See b/183070411#comment4 for more info.
-keep,allowobfuscation,allowshrinking @dagger.hilt.internal.ComponentEntryPoint class *
-keep,allowobfuscation,allowshrinking @dagger.hilt.internal.GeneratedEntryPoint class *
# End of content from transformed\hilt-android-2.51.1\proguard.txt
# The proguard configuration file for the following section is transformed\billing-ktx-6.1.0\proguard.txt
# See https://discuss.gradle.org/t/meta-inf-version-duplicate-error-when-using-proguard/31380
-dontwarn module-info

-dontwarn java.lang.instrument.ClassFileTransformer
-dontwarn sun.misc.SignalHandler
-dontwarn java.lang.instrument.Instrumentation
-dontwarn sun.misc.Signal
# End of content from transformed\billing-ktx-6.1.0\proguard.txt
# The proguard configuration file for the following section is transformed\billing-6.1.0\proguard.txt
# Keep the AIDL interface
-keep class com.android.vending.billing.** { *; }

-dontwarn javax.annotation.**
-dontwarn org.checkerframework.**
-dontwarn com.google.android.apps.common.proguard.UsedByReflection

-keepnames class com.android.billingclient.api.ProxyBillingActivity

# Avoids Proguard warning at build time due to Protobuf use of sun.misc.Unsafe
# and libcore.io.Memory which are available at runtime.
-dontwarn libcore.io.Memory
-dontwarn sun.misc.Unsafe


# For Phenotype
# An unused P/H transitive dependency: com.google.android.libraries.phenotype.registration.PhenotypeResourceReader is stripped out from all Granular normal deps and "can't find reference..." DepsVersionCompat test warning
# is suppressed by ProGuard -dontwarn config.
-dontwarn com.google.android.libraries.phenotype.registration.PhenotypeResourceReader
-dontwarn com.google.android.apps.common.proguard.SideEffectFree

# Uses reflection to determine if these classes are present and has a graceful
# fallback if they aren't. The test failure it fixes appears to be caused by flogger.
-dontwarn dalvik.system.VMStack
-dontwarn com.google.common.flogger.backend.google.GooglePlatform
-dontwarn com.google.common.flogger.backend.system.DefaultPlatform
# We keep all fields for every generated proto file as the runtime uses
# reflection over them that ProGuard cannot detect. Without this keep
# rule, fields may be removed that would cause runtime failures.
-keepclassmembers class * extends com.google.android.gms.internal.play_billing.zzex {
  <fields>;
}

# End of content from transformed\billing-6.1.0\proguard.txt
# The proguard configuration file for the following section is transformed\play-services-base-18.0.1\proguard.txt
# b/35135904 Ensure that proguard will not strip the mResultGuardian.
-keepclassmembers class com.google.android.gms.common.api.internal.BasePendingResult {
  com.google.android.gms.common.api.internal.BasePendingResult$ReleasableResultGuardian mResultGuardian;
}



# End of content from transformed\play-services-base-18.0.1\proguard.txt
# The proguard configuration file for the following section is transformed\play-services-tasks-18.0.1\proguard.txt


# End of content from transformed\play-services-tasks-18.0.1\proguard.txt
# The proguard configuration file for the following section is transformed\play-services-basement-18.0.1\proguard.txt
# Needed when building against pre-Marshmallow SDK.
-dontwarn android.security.NetworkSecurityPolicy

# Needed when building against Marshmallow SDK.
-dontwarn android.app.Notification

# Protobuf has references not on the Android boot classpath
-dontwarn sun.misc.Unsafe
-dontwarn libcore.io.Memory

# Internal Google annotations for generating Proguard keep rules.
-dontwarn com.google.android.apps.common.proguard.UsedBy*

# Annotations referenced by the SDK but whose definitions are contained in
# non-required dependencies.
-dontwarn javax.annotation.**
-dontwarn org.checkerframework.**

# Proguard flags for consumers of the Google Play services SDK
# https://developers.google.com/android/guides/setup#add_google_play_services_to_your_project

# Keep SafeParcelable NULL value, needed for reflection by DowngradeableSafeParcel
-keepclassmembers public class com.google.android.gms.common.internal.safeparcel.SafeParcelable {
    public static final *** NULL;
}

# Needed for Parcelable/SafeParcelable classes & their creators to not get renamed, as they are
# found via reflection.
-keep class com.google.android.gms.common.internal.ReflectedParcelable
-keepnames class * implements com.google.android.gms.common.internal.ReflectedParcelable
-keepclassmembers class * implements android.os.Parcelable {
  public static final *** CREATOR;
}

# Keep the classes/members we need for client functionality.
-keep @interface android.support.annotation.Keep
-keep @androidx.annotation.Keep class *
-keepclasseswithmembers class * {
  @androidx.annotation.Keep <fields>;
}
-keepclasseswithmembers class * {
  @androidx.annotation.Keep <methods>;
}

# Keep androidX equivalent of above android.support to allow Jetification.
-keep @interface androidx.annotation.Keep
-keep @androidx.annotation.Keep class *
-keepclasseswithmembers class * {
  @androidx.annotation.Keep <fields>;
}
-keepclasseswithmembers class * {
  @androidx.annotation.Keep <methods>;
}

# Keep the names of classes/members we need for client functionality.
-keep @interface com.google.android.gms.common.annotation.KeepName
-keepnames @com.google.android.gms.common.annotation.KeepName class *
-keepclassmembernames class * {
  @com.google.android.gms.common.annotation.KeepName *;
}

# Keep Dynamite API entry points
-keep @interface com.google.android.gms.common.util.DynamiteApi
-keep @com.google.android.gms.common.util.DynamiteApi public class * {
  public <fields>;
  public <methods>;
}



# End of content from transformed\play-services-basement-18.0.1\proguard.txt
# The proguard configuration file for the following section is transformed\fragment-1.5.1\proguard.txt
# Copyright (C) 2020 The Android Open Source Project
#
# Licensed under the Apache License, Version 2.0 (the "License");
# you may not use this file except in compliance with the License.
# You may obtain a copy of the License at
#
#      http://www.apache.org/licenses/LICENSE-2.0
#
# Unless required by applicable law or agreed to in writing, software
# distributed under the License is distributed on an "AS IS" BASIS,
# WITHOUT WARRANTIES OR CONDITIONS OF ANY KIND, either express or implied.
# See the License for the specific language governing permissions and
# limitations under the License.

# The default FragmentFactory creates Fragment instances using reflection
-if public class ** extends androidx.fragment.app.Fragment
-keepclasseswithmembers,allowobfuscation public class <1> {
    public <init>();
}

# End of content from transformed\fragment-1.5.1\proguard.txt
# The proguard configuration file for the following section is transformed\work-runtime-2.7.1\proguard.txt
-keep class * extends androidx.work.Worker
-keep class * extends androidx.work.InputMerger
# Keep all constructors on ListenableWorker, Worker (also marked with @Keep)
-keep public class * extends androidx.work.ListenableWorker {
    public <init>(...);
}
# We need to keep WorkerParameters for the ListenableWorker constructor
-keep class androidx.work.WorkerParameters

# End of content from transformed\work-runtime-2.7.1\proguard.txt
# The proguard configuration file for the following section is transformed\lifecycle-process-2.7.0\proguard.txt
# this rule is need to work properly when app is compiled with api 28, see b/142778206
-keepclassmembers class * extends androidx.lifecycle.EmptyActivityLifecycleCallbacks { *; }
# End of content from transformed\lifecycle-process-2.7.0\proguard.txt
# The proguard configuration file for the following section is transformed\lifecycle-viewmodel-savedstate-2.7.0\proguard.txt
-keepclassmembers,allowobfuscation class * extends androidx.lifecycle.ViewModel {
    <init>(androidx.lifecycle.SavedStateHandle);
}

-keepclassmembers,allowobfuscation class * extends androidx.lifecycle.AndroidViewModel {
    <init>(android.app.Application,androidx.lifecycle.SavedStateHandle);
}

# End of content from transformed\lifecycle-viewmodel-savedstate-2.7.0\proguard.txt
# The proguard configuration file for the following section is transformed\savedstate-1.2.1\proguard.txt
# Copyright (C) 2019 The Android Open Source Project
#
# Licensed under the Apache License, Version 2.0 (the "License");
# you may not use this file except in compliance with the License.
# You may obtain a copy of the License at
#
#      http://www.apache.org/licenses/LICENSE-2.0
#
# Unless required by applicable law or agreed to in writing, software
# distributed under the License is distributed on an "AS IS" BASIS,
# WITHOUT WARRANTIES OR CONDITIONS OF ANY KIND, either express or implied.
# See the License for the specific language governing permissions and
# limitations under the License.