app/build/outputs/mapping/release/seeds.txt
com.kazio.app.domain.model.Recommendation
com.kazio.app.domain.model.RecordType
com.kazio.app.domain.model.ExpenseEntry
com.kazio.app.data.local.room.KazioDatabase_Impl
com.kazio.app.domain.model.Shift
com.kazio.app.domain.model.VehicleType
com.kazio.app.KazioApplication
com.kazio.app.domain.model.UserPreferences
com.kazio.app.widget.KazioLargeWidgetReceiver
com.kazio.app.domain.model.PersonalRecord
com.kazio.app.domain.model.PlatformProfit
com.kazio.app.domain.model.FrequentExpense
com.kazio.app.domain.model.Vehicle
com.kazio.app.MainActivity_GeneratedInjector
com.kazio.app.domain.model.IncomeEntry
com.kazio.app.domain.model.ExpenseCategory
com.kazio.app.domain.model.Platform
com.kazio.app.widget.WidgetEntryPoint
com.kazio.app.domain.model.FrequentIncome
com.kazio.app.data.local.room.KazioDatabase
com.kazio.app.domain.model.ReportType
com.kazio.app.MainActivity
com.kazio.app.widget.KazioSmallWidgetReceiver
com.kazio.app.domain.model.RecommendationType
com.kazio.app.KazioApplication_GeneratedInjector
com.kazio.app.domain.model.SummaryResult
com.kazio.app.domain.model.FrequentIncome: int $stable
com.kazio.app.domain.model.SummaryResult: double totalIncome
com.kazio.app.domain.model.ExpenseCategory: com.kazio.app.domain.model.ExpenseCategory MAINTENANCE
com.kazio.app.domain.model.VehicleType: com.kazio.app.domain.model.VehicleType MOTORCYCLE
com.kazio.app.domain.model.PersonalRecord: double value
com.kazio.app.domain.model.PersonalRecord: long achievedAt
com.kazio.app.domain.model.IncomeEntry: long platformId
com.kazio.app.domain.model.ExpenseEntry: java.lang.String note
com.kazio.app.domain.model.ExpenseEntry: double amount
com.kazio.app.domain.model.Shift: java.lang.Long lastPausedAt
com.kazio.app.domain.model.PersonalRecord: com.kazio.app.domain.model.RecordType type
com.kazio.app.domain.model.ReportType: com.kazio.app.domain.model.ReportType MONTHLY
com.kazio.app.domain.model.IncomeEntry: double amount
com.kazio.app.domain.model.Vehicle: com.kazio.app.domain.model.VehicleType type
com.kazio.app.domain.model.Shift: long totalPausedDuration
com.kazio.app.domain.model.UserPreferences: java.lang.String userEmail
com.kazio.app.domain.model.UserPreferences: boolean isRegistered
com.kazio.app.domain.model.PlatformProfit: long platformId
com.kazio.app.domain.model.UserPreferences: java.lang.String vehiclePlate
com.kazio.app.domain.model.Vehicle: int $stable
com.kazio.app.domain.model.Shift: long vehicleId
com.kazio.app.domain.model.UserPreferences: java.lang.String userName
com.kazio.app.domain.model.RecordType: com.kazio.app.domain.model.RecordType HIGHEST_WEEKLY_PROFIT
com.kazio.app.domain.model.PlatformProfit: java.lang.String platformName
com.kazio.app.domain.model.SummaryResult: double totalExpense
com.kazio.app.domain.model.UserPreferences: boolean isPremium
com.kazio.app.domain.model.ReportType: com.kazio.app.domain.model.ReportType DAILY
com.kazio.app.domain.model.IncomeEntry: int $stable
com.kazio.app.domain.model.Recommendation: java.lang.String title
com.kazio.app.domain.model.Vehicle: java.lang.String name
com.kazio.app.domain.model.Shift: int $stable
com.kazio.app.domain.model.ReportType: com.kazio.app.domain.model.ReportType WEEKLY
com.kazio.app.domain.model.VehicleType: com.kazio.app.domain.model.VehicleType BICYCLE
com.kazio.app.domain.model.PlatformProfit: int $stable
com.kazio.app.domain.model.RecommendationType: com.kazio.app.domain.model.RecommendationType[] $VALUES
com.kazio.app.domain.model.UserPreferences: java.lang.String vehicleModel
com.kazio.app.domain.model.ExpenseCategory: com.kazio.app.domain.model.ExpenseCategory OTHER
com.kazio.app.domain.model.VehicleType: com.kazio.app.domain.model.VehicleType CAR
com.kazio.app.domain.model.Shift: java.lang.Long endAt
com.kazio.app.domain.model.UserPreferences: boolean isOnboardingSeen
com.kazio.app.domain.model.PlatformProfit: float percentage
com.kazio.app.domain.model.ExpenseCategory: com.kazio.app.domain.model.ExpenseCategory[] $VALUES
...
androidx.compose.animation.core.MutatePriority: androidx.compose.animation.core.MutatePriority valueOf(java.lang.String)
androidx.core.view.WindowInsetsCompat$Impl: androidx.core.graphics.Insets getInsetsIgnoringVisibility(int)
androidx.core.app.RemoteInput$Api26Impl: android.app.RemoteInput$Builder setAllowDataType(android.app.RemoteInput$Builder,java.lang.String,boolean)
com.android.billingclient.api.zzcf: zzcf(com.android.billingclient.api.BillingResult,int)
com.android.billingclient.api.ProxyBillingActivity: android.content.Intent makeAlternativeBillingIntent(java.lang.String)
com.android.billingclient.api.PurchaseHistoryRecord: java.lang.String getSignature()
androidx.compose.ui.layout.LayoutKt: void Layout(java.util.List,androidx.compose.ui.Modifier,androidx.compose.ui.layout.MultiContentMeasurePolicy,androidx.compose.runtime.Composer,int,int)
androidx.core.app.RemoteInput$Api26Impl: java.util.Map getDataResultsFromIntent(android.content.Intent,java.lang.String)
androidx.activity.ComponentActivity: void addOnContextAvailableListener(androidx.activity.contextaware.OnContextAvailableListener)
androidx.compose.material.ripple.DebugRippleTheme: long defaultColor-WaAFU9c(androidx.compose.runtime.Composer,int)
com.android.billingclient.api.BillingResult$Builder: com.android.billingclient.api.BillingResult build()
androidx.compose.ui.autofill.AutofillType: androidx.compose.ui.autofill.AutofillType valueOf(java.lang.String)
androidx.core.view.WindowInsetsCompat$Impl28: androidx.core.view.DisplayCutoutCompat getDisplayCutout()
androidx.glance.text.TextKt: void Text(java.lang.String,androidx.glance.GlanceModifier,androidx.glance.text.TextStyle,int,androidx.compose.runtime.Composer,int,int)
androidx.compose.ui.platform.AndroidComposeView: androidx.compose.ui.platform.AndroidAccessibilityManager getAccessibilityManager()
androidx.core.widget.RemoteViewsCompat$Api31Impl: void setFloatDimen(android.widget.RemoteViews,int,java.lang.String,int)
androidx.glance.appwidget.CollectionItemsApi31Impl: void setRemoteAdapter(android.widget.RemoteViews,int,androidx.glance.appwidget.RemoteCollectionItems)
androidx.compose.ui.node.LayoutNode$UsageByParent: androidx.compose.ui.node.LayoutNode$UsageByParent[] values()
androidx.core.view.ViewCompat$Api19Impl: void setAccessibilityLiveRegion(android.view.View,int)
androidx.compose.material3.TopAppBarDefaults: androidx.compose.foundation.layout.WindowInsets getWindowInsets(androidx.compose.runtime.Composer,int)
androidx.compose.material3.TopAppBarDefaults: androidx.compose.material3.TopAppBarColors mediumTopAppBarColors-zjMxDiM(long,long,long,long,long,androidx.compose.runtime.Composer,int,int)
androidx.core.view.accessibility.AccessibilityNodeInfoCompat$Api19Impl: androidx.core.view.accessibility.AccessibilityNodeInfoCompat$CollectionItemInfoCompat createCollectionItemInfo(int,int,int,int,boolean)
androidx.fragment.app.SpecialEffectsController$Operation$LifecycleImpact: androidx.fragment.app.SpecialEffectsController$Operation$LifecycleImpact[] values()
com.android.billingclient.api.BillingClientImpl: void zzR(com.android.billingclient.api.AlternativeBillingOnlyAvailabilityListener)
androidx.compose.material3.OutlinedTextFieldDefaults: void DecorationBox(java.lang.String,kotlin.jvm.functions.Function2,boolean,boolean,androidx.compose.ui.text.input.VisualTransformation,androidx.compose.foundation.interaction.InteractionSource,boolean,kotlin.jvm.functions.Function2,kotlin.jvm.functions.Function2,kotlin.jvm.functions.Function2,kotlin.jvm.functions.Function2,kotlin.jvm.functions.Function2,kotlin.jvm.functions.Function2,kotlin.jvm.functions.Function2,androidx.compose.material3.TextFieldColors,androidx.compose.foundation.layout.PaddingValues,kotlin.jvm.functions.Function2,androidx.compose.runtime.Composer,int,int,int)
androidx.activity.ComponentActivity: void access$001(androidx.activity.ComponentActivity)